# JRE version: 7.0_21-b11
# Java VM: Java HotSpot(TM) Server VM (23.21-b01 mixed mode linux-x86 )
Heap
 PSYoungGen      total 279360K, used 229825K [0x9ee40000, 0xb3340000, 0xb3440000)
  eden space 279104K, 82% used [0x9ee40000,0xace70f80,0xafed0000)
  from space 256K, 99% used [0xb3180000,0xb31bf658,0xb31c0000)
  to   space 1088K, 0% used [0xb3230000,0xb3230000,0xb3340000)
 ParOldGen       total 41728K, used 11074K [0x76240000, 0x78b00000, 0x9ee40000)
  object space 41728K, 26% used [0x76240000,0x76d10990,0x78b00000)
 PSPermGen       total 16384K, used 14520K [0x72240000, 0x73240000, 0x76240000)
  object space 16384K, 88% used [0x72240000,0x7306e1b8,0x73240000)
GC Heap History (10 events):
Event: 39.143 GC heap before
{Heap before GC invocations=47 (full 0):
 PSYoungGen      total 187200K, used 187066K [0x9ee40000, 0xb1e60000, 0xb3440000)
  eden space 186368K, 99% used [0x9ee40000,0xaa42d318,0xaa440000)
  from space 832K, 92% used [0xb1d90000,0xb1e514f8,0xb1e60000)
  to   space 1280K, 0% used [0xb1be0000,0xb1be0000,0xb1d20000)
 ParOldGen       total 41728K, used 10319K [0x76240000, 0x78b00000, 0x9ee40000)
  object space 41728K, 24% used [0x76240000,0x76c53fc0,0x78b00000)
 PSPermGen       total 16384K, used 14403K [0x72240000, 0x73240000, 0x76240000)
  object space 16384K, 87% used [0x72240000,0x73050c80,0x73240000)
Event: 39.145 GC heap after
Heap after GC invocations=47 (full 0):
 PSYoungGen      total 227840K, used 419K [0x9ee40000, 0xb1da0000, 0xb3440000)
  eden space 227392K, 0% used [0x9ee40000,0x9ee40000,0xacc50000)
  from space 448K, 93% used [0xb1be0000,0xb1c48d88,0xb1c50000)
  to   space 1216K, 0% used [0xb1c70000,0xb1c70000,0xb1da0000)
 ParOldGen       total 41728K, used 10835K [0x76240000, 0x78b00000, 0x9ee40000)
  object space 41728K, 25% used [0x76240000,0x76cd4e98,0x78b00000)
 PSPermGen       total 16384K, used 14403K [0x72240000, 0x73240000, 0x76240000)
  object space 16384K, 87% used [0x72240000,0x73050c80,0x73240000)
}
Event: 39.248 GC heap before
{Heap before GC invocations=48 (full 0):
 PSYoungGen      total 227840K, used 227764K [0x9ee40000, 0xb1da0000, 0xb3440000)
  eden space 227392K, 99% used [0x9ee40000,0xacc44398,0xacc50000)
  from space 448K, 93% used [0xb1be0000,0xb1c48d88,0xb1c50000)
  to   space 1216K, 0% used [0xb1c70000,0xb1c70000,0xb1da0000)
 ParOldGen       total 41728K, used 10835K [0x76240000, 0x78b00000, 0x9ee40000)
  object space 41728K, 25% used [0x76240000,0x76cd4e98,0x78b00000)
 PSPermGen       total 16384K, used 14403K [0x72240000, 0x73240000, 0x76240000)
  object space 16384K, 87% used [0x72240000,0x73050c80,0x73240000)
Event: 39.249 GC heap after
Heap after GC invocations=48 (full 0):
 PSYoungGen      total 277888K, used 423K [0x9ee40000, 0xb1ce0000, 0xb3440000)
  eden space 277440K, 0% used [0x9ee40000,0x9ee40000,0xafd30000)
  from space 448K, 94% used [0xb1c70000,0xb1cd9f88,0xb1ce0000)
  to   space 1152K, 0% used [0xb1aa0000,0xb1aa0000,0xb1bc0000)
 ParOldGen       total 41728K, used 11074K [0x76240000, 0x78b00000, 0x9ee40000)
  object space 41728K, 26% used [0x76240000,0x76d10990,0x78b00000)
 PSPermGen       total 16384K, used 14403K [0x72240000, 0x73240000, 0x76240000)
  object space 16384K, 87% used [0x72240000,0x73050c80,0x73240000)
}
Event: 39.368 GC heap before
{Heap before GC invocations=49 (full 0):
 PSYoungGen      total 277888K, used 277821K [0x9ee40000, 0xb1ce0000, 0xb3440000)
  eden space 277440K, 99% used [0x9ee40000,0xafd25548,0xafd30000)
  from space 448K, 94% used [0xb1c70000,0xb1cd9f88,0xb1ce0000)
  to   space 1152K, 0% used [0xb1aa0000,0xb1aa0000,0xb1bc0000)
 ParOldGen       total 41728K, used 11074K [0x76240000, 0x78b00000, 0x9ee40000)
  object space 41728K, 26% used [0x76240000,0x76d10990,0x78b00000)
 PSPermGen       total 16384K, used 14403K [0x72240000, 0x73240000, 0x76240000)
  object space 16384K, 87% used [0x72240000,0x73050c80,0x73240000)
Event: 39.369 GC heap after
Heap after GC invocations=49 (full 0):
 PSYoungGen      total 308736K, used 555K [0x9ee40000, 0xb3440000, 0xb3440000)
  eden space 307584K, 0% used [0x9ee40000,0x9ee40000,0xb1aa0000)
  from space 1152K, 48% used [0xb1aa0000,0xb1b2ae48,0xb1bc0000)
  to   space 1088K, 0% used [0xb3330000,0xb3330000,0xb3440000)
 ParOldGen       total 41728K, used 11074K [0x76240000, 0x78b00000, 0x9ee40000)
  object space 41728K, 26% used [0x76240000,0x76d10990,0x78b00000)
 PSPermGen       total 16384K, used 14403K [0x72240000, 0x73240000, 0x76240000)
  object space 16384K, 87% used [0x72240000,0x73050c80,0x73240000)
}
Event: 39.497 GC heap before
{Heap before GC invocations=50 (full 0):
 PSYoungGen      total 308736K, used 308058K [0x9ee40000, 0xb3440000, 0xb3440000)
  eden space 307584K, 99% used [0x9ee40000,0xb1a8bd70,0xb1aa0000)
  from space 1152K, 48% used [0xb1aa0000,0xb1b2ae48,0xb1bc0000)
  to   space 1088K, 0% used [0xb3330000,0xb3330000,0xb3440000)
 ParOldGen       total 41728K, used 11074K [0x76240000, 0x78b00000, 0x9ee40000)
  object space 41728K, 26% used [0x76240000,0x76d10990,0x78b00000)
 PSPermGen       total 16384K, used 14403K [0x72240000, 0x73240000, 0x76240000)
  object space 16384K, 87% used [0x72240000,0x73050c80,0x73240000)
Event: 39.498 GC heap after
Heap after GC invocations=50 (full 0):
 PSYoungGen      total 293440K, used 437K [0x9ee40000, 0xb33a0000, 0xb3440000)
  eden space 292992K, 0% used [0x9ee40000,0x9ee40000,0xb0c60000)
  from space 448K, 97% used [0xb3330000,0xb339d780,0xb33a0000)
  to   space 1088K, 0% used [0xb3180000,0xb3180000,0xb3290000)
 ParOldGen       total 41728K, used 11074K [0x76240000, 0x78b00000, 0x9ee40000)
  object space 41728K, 26% used [0x76240000,0x76d10990,0x78b00000)
 PSPermGen       total 16384K, used 14403K [0x72240000, 0x73240000, 0x76240000)
  object space 16384K, 87% used [0x72240000,0x73050c80,0x73240000)
}
Event: 39.618 GC heap before
{Heap before GC invocations=51 (full 0):
 PSYoungGen      total 293440K, used 293324K [0x9ee40000, 0xb33a0000, 0xb3440000)
  eden space 292992K, 99% used [0x9ee40000,0xb0c45b10,0xb0c60000)
  from space 448K, 97% used [0xb3330000,0xb339d780,0xb33a0000)
  to   space 1088K, 0% used [0xb3180000,0xb3180000,0xb3290000)
 ParOldGen       total 41728K, used 11074K [0x76240000, 0x78b00000, 0x9ee40000)
  object space 41728K, 26% used [0x76240000,0x76d10990,0x78b00000)
 PSPermGen       total 16384K, used 14403K [0x72240000, 0x73240000, 0x76240000)
  object space 16384K, 87% used [0x72240000,0x73050c80,0x73240000)
Event: 39.619 GC heap after
Heap after GC invocations=51 (full 0):
 PSYoungGen      total 279360K, used 253K [0x9ee40000, 0xb3340000, 0xb3440000)
  eden space 279104K, 0% used [0x9ee40000,0x9ee40000,0xafed0000)
  from space 256K, 99% used [0xb3180000,0xb31bf658,0xb31c0000)
  to   space 1088K, 0% used [0xb3230000,0xb3230000,0xb3340000)
 ParOldGen       total 41728K, used 11074K [0x76240000, 0x78b00000, 0x9ee40000)
  object space 41728K, 26% used [0x76240000,0x76d10990,0x78b00000)
 PSPermGen       total 16384K, used 14403K [0x72240000, 0x73240000, 0x76240000)
  object space 16384K, 87% used [0x72240000,0x73050c80,0x73240000)
}

