# JRE version: 7.0_21-b11
# Java VM: Java HotSpot(TM) Server VM (23.21-b01 mixed mode linux-x86 )
Heap
 PSYoungGen      total 48448K, used 27671K [0x9eea0000, 0xa2120000, 0xb34a0000)
  eden space 45184K, 60% used [0x9eea0000,0xa09228f0,0xa1ac0000)
  from space 3264K, 16% used [0xa1ac0000,0xa1b43380,0xa1df0000)
  to   space 3072K, 0% used [0xa1e20000,0xa1e20000,0xa2120000)
 ParOldGen       total 41728K, used 6125K [0x762a0000, 0x78b60000, 0x9eea0000)
  object space 41728K, 14% used [0x762a0000,0x7689b540,0x78b60000)
 PSPermGen       total 16384K, used 14403K [0x722a0000, 0x732a0000, 0x762a0000)
  object space 16384K, 87% used [0x722a0000,0x730b0df0,0x732a0000)
GC Heap History (10 events):
Event: 14.476 GC heap before
{Heap before GC invocations=39 (full 0):
 PSYoungGen      total 48256K, used 45576K [0x9eea0000, 0xa2120000, 0xb34a0000)
  eden space 45184K, 99% used [0x9eea0000,0xa1aa86c8,0xa1ac0000)
  from space 3072K, 15% used [0xa1e20000,0xa1e99aa0,0xa2120000)
  to   space 3264K, 0% used [0xa1ac0000,0xa1ac0000,0xa1df0000)
 ParOldGen       total 41728K, used 6125K [0x762a0000, 0x78b60000, 0x9eea0000)
  object space 41728K, 14% used [0x762a0000,0x7689b540,0x78b60000)
 PSPermGen       total 16384K, used 14030K [0x722a0000, 0x732a0000, 0x762a0000)
  object space 16384K, 85% used [0x722a0000,0x73053910,0x732a0000)
Event: 14.477 GC heap after
Heap after GC invocations=39 (full 0):
 PSYoungGen      total 48448K, used 494K [0x9eea0000, 0xa2120000, 0xb34a0000)
  eden space 45184K, 0% used [0x9eea0000,0x9eea0000,0xa1ac0000)
  from space 3264K, 15% used [0xa1ac0000,0xa1b3b850,0xa1df0000)
  to   space 3072K, 0% used [0xa1e20000,0xa1e20000,0xa2120000)
 ParOldGen       total 41728K, used 6125K [0x762a0000, 0x78b60000, 0x9eea0000)
  object space 41728K, 14% used [0x762a0000,0x7689b540,0x78b60000)
 PSPermGen       total 16384K, used 14030K [0x722a0000, 0x732a0000, 0x762a0000)
  object space 16384K, 85% used [0x722a0000,0x73053910,0x732a0000)
}
Event: 14.496 GC heap before
{Heap before GC invocations=40 (full 0):
 PSYoungGen      total 48448K, used 45557K [0x9eea0000, 0xa2120000, 0xb34a0000)
  eden space 45184K, 99% used [0x9eea0000,0xa1aa1bb8,0xa1ac0000)
  from space 3264K, 15% used [0xa1ac0000,0xa1b3b850,0xa1df0000)
  to   space 3072K, 0% used [0xa1e20000,0xa1e20000,0xa2120000)
 ParOldGen       total 41728K, used 6125K [0x762a0000, 0x78b60000, 0x9eea0000)
  object space 41728K, 14% used [0x762a0000,0x7689b540,0x78b60000)
 PSPermGen       total 16384K, used 14030K [0x722a0000, 0x732a0000, 0x762a0000)
  object space 16384K, 85% used [0x722a0000,0x73053910,0x732a0000)
Event: 14.497 GC heap after
Heap after GC invocations=40 (full 0):
 PSYoungGen      total 48256K, used 258K [0x9eea0000, 0xa2120000, 0xb34a0000)
  eden space 45184K, 0% used [0x9eea0000,0x9eea0000,0xa1ac0000)
  from space 3072K, 8% used [0xa1e20000,0xa1e60b88,0xa2120000)
  to   space 3264K, 0% used [0xa1ac0000,0xa1ac0000,0xa1df0000)
 ParOldGen       total 41728K, used 6125K [0x762a0000, 0x78b60000, 0x9eea0000)
  object space 41728K, 14% used [0x762a0000,0x7689b540,0x78b60000)
 PSPermGen       total 16384K, used 14030K [0x722a0000, 0x732a0000, 0x762a0000)
  object space 16384K, 85% used [0x722a0000,0x73053910,0x732a0000)
}
Event: 14.515 GC heap before
{Heap before GC invocations=41 (full 0):
 PSYoungGen      total 48256K, used 45130K [0x9eea0000, 0xa2120000, 0xb34a0000)
  eden space 45184K, 99% used [0x9eea0000,0xa1a71e50,0xa1ac0000)
  from space 3072K, 8% used [0xa1e20000,0xa1e60b88,0xa2120000)
  to   space 3264K, 0% used [0xa1ac0000,0xa1ac0000,0xa1df0000)
 ParOldGen       total 41728K, used 6125K [0x762a0000, 0x78b60000, 0x9eea0000)
  object space 41728K, 14% used [0x762a0000,0x7689b540,0x78b60000)
 PSPermGen       total 16384K, used 14030K [0x722a0000, 0x732a0000, 0x762a0000)
  object space 16384K, 85% used [0x722a0000,0x73053910,0x732a0000)
Event: 14.516 GC heap after
Heap after GC invocations=41 (full 0):
 PSYoungGen      total 48448K, used 510K [0x9eea0000, 0xa2120000, 0xb34a0000)
  eden space 45184K, 0% used [0x9eea0000,0x9eea0000,0xa1ac0000)
  from space 3264K, 15% used [0xa1ac0000,0xa1b3fa80,0xa1df0000)
  to   space 3072K, 0% used [0xa1e20000,0xa1e20000,0xa2120000)
 ParOldGen       total 41728K, used 6125K [0x762a0000, 0x78b60000, 0x9eea0000)
  object space 41728K, 14% used [0x762a0000,0x7689b540,0x78b60000)
 PSPermGen       total 16384K, used 14030K [0x722a0000, 0x732a0000, 0x762a0000)
  object space 16384K, 85% used [0x722a0000,0x73053910,0x732a0000)
}
Event: 14.535 GC heap before
{Heap before GC invocations=42 (full 0):
 PSYoungGen      total 48448K, used 45585K [0x9eea0000, 0xa2120000, 0xb34a0000)
  eden space 45184K, 99% used [0x9eea0000,0xa1aa4cd8,0xa1ac0000)
  from space 3264K, 15% used [0xa1ac0000,0xa1b3fa80,0xa1df0000)
  to   space 3072K, 0% used [0xa1e20000,0xa1e20000,0xa2120000)
 ParOldGen       total 41728K, used 6125K [0x762a0000, 0x78b60000, 0x9eea0000)
  object space 41728K, 14% used [0x762a0000,0x7689b540,0x78b60000)
 PSPermGen       total 16384K, used 14030K [0x722a0000, 0x732a0000, 0x762a0000)
  object space 16384K, 85% used [0x722a0000,0x73053910,0x732a0000)
Event: 14.535 GC heap after
Heap after GC invocations=42 (full 0):
 PSYoungGen      total 48256K, used 266K [0x9eea0000, 0xa2120000, 0xb34a0000)
  eden space 45184K, 0% used [0x9eea0000,0x9eea0000,0xa1ac0000)
  from space 3072K, 8% used [0xa1e20000,0xa1e62ab8,0xa2120000)
  to   space 3264K, 0% used [0xa1ac0000,0xa1ac0000,0xa1df0000)
 ParOldGen       total 41728K, used 6125K [0x762a0000, 0x78b60000, 0x9eea0000)
  object space 41728K, 14% used [0x762a0000,0x7689b540,0x78b60000)
 PSPermGen       total 16384K, used 14030K [0x722a0000, 0x732a0000, 0x762a0000)
  object space 16384K, 85% used [0x722a0000,0x73053910,0x732a0000)
}
Event: 14.554 GC heap before
{Heap before GC invocations=43 (full 0):
 PSYoungGen      total 48256K, used 44946K [0x9eea0000, 0xa2120000, 0xb34a0000)
  eden space 45184K, 98% used [0x9eea0000,0xa1a41e38,0xa1ac0000)
  from space 3072K, 8% used [0xa1e20000,0xa1e62ab8,0xa2120000)
  to   space 3264K, 0% used [0xa1ac0000,0xa1ac0000,0xa1df0000)
 ParOldGen       total 41728K, used 6125K [0x762a0000, 0x78b60000, 0x9eea0000)
  object space 41728K, 14% used [0x762a0000,0x7689b540,0x78b60000)
 PSPermGen       total 16384K, used 14030K [0x722a0000, 0x732a0000, 0x762a0000)
  object space 16384K, 85% used [0x722a0000,0x73053910,0x732a0000)
Event: 14.554 GC heap after
Heap after GC invocations=43 (full 0):
 PSYoungGen      total 48448K, used 524K [0x9eea0000, 0xa2120000, 0xb34a0000)
  eden space 45184K, 0% used [0x9eea0000,0x9eea0000,0xa1ac0000)
  from space 3264K, 16% used [0xa1ac0000,0xa1b43380,0xa1df0000)
  to   space 3072K, 0% used [0xa1e20000,0xa1e20000,0xa2120000)
 ParOldGen       total 41728K, used 6125K [0x762a0000, 0x78b60000, 0x9eea0000)
  object space 41728K, 14% used [0x762a0000,0x7689b540,0x78b60000)
 PSPermGen       total 16384K, used 14030K [0x722a0000, 0x732a0000, 0x762a0000)
  object space 16384K, 85% used [0x722a0000,0x73053910,0x732a0000)
}

